<?xml version="1.0" encoding="UTF-8"?>
<!-- Generated by org.testng.reporters.JUnitReportReporter -->
<testsuite hostname="LAPTOP-78FE9VUC" failures="0" tests="1" name="CalcTests.C_Test_002" time="15.720" errors="0" timestamp="2022-04-30T13:26:28 IST" skipped="0">
  <testcase classname="CalcTests.C_Test_002" name="SubtractingTwoNumbers" time="15.720"/>
  <system-out/>
</testsuite> <!-- CalcTests.C_Test_002 -->
