<?xml version="1.0" encoding="UTF-8"?>
<!-- Generated by org.testng.reporters.JUnitReportReporter -->
<testsuite hostname="LAPTOP-78FE9VUC" failures="0" tests="1" name="CalcTests.C_Test_004" time="15.661" errors="0" timestamp="2022-04-30T13:26:28 IST" skipped="0">
  <testcase classname="CalcTests.C_Test_004" name="DivisionOfTwoNumbers" time="15.661"/>
  <system-out/>
</testsuite> <!-- CalcTests.C_Test_004 -->
